<?xml version="1.0" encoding="UTF-8"?>
<testng-results ignored="0" total="1" passed="1" failed="0" skipped="0">
  <reporter-output>
  </reporter-output>
  <suite started-at="2024-06-01T11:49:06 IST" name="com.javacodegeeks.testng.maven.TestNgMavenExample" finished-at="2024-06-01T11:49:08 IST" duration-ms="2376">
    <groups>
    </groups>
    <test started-at="2024-06-01T11:49:06 IST" name="Command line test" finished-at="2024-06-01T11:49:08 IST" duration-ms="2376">
      <class name="com.javacodegeeks.testng.maven.TestNgMavenExample">
        <test-method is-config="true" signature="setup()[pri:0, instance:com.javacodegeeks.testng.maven.TestNgMavenExample@3b94d659]" started-at="2024-06-01T11:49:06 IST" name="setup" finished-at="2024-06-01T11:49:06 IST" duration-ms="488" status="PASS">
          <reporter-output>
          </reporter-output>
        </test-method> <!-- setup -->
        <test-method signature="getFanCodeCityUsersWithMostTodosTasksCompleted()[pri:0, instance:com.javacodegeeks.testng.maven.TestNgMavenExample@3b94d659]" started-at="2024-06-01T11:49:06 IST" name="getFanCodeCityUsersWithMostTodosTasksCompleted" finished-at="2024-06-01T11:49:08 IST" duration-ms="1865" status="PASS">
          <reporter-output>
          </reporter-output>
        </test-method> <!-- getFanCodeCityUsersWithMostTodosTasksCompleted -->
      </class> <!-- com.javacodegeeks.testng.maven.TestNgMavenExample -->
    </test> <!-- Command line test -->
  </suite> <!-- com.javacodegeeks.testng.maven.TestNgMavenExample -->
</testng-results>
