<?xml version="1.0" encoding="UTF-8"?>
<testng-results ignored="0" total="1" passed="1" failed="0" skipped="0">
  <reporter-output>
  </reporter-output>
  <suite started-at="2024-06-01T12:53:11 IST" name="TestNgMavenExampleSuite" finished-at="2024-06-01T12:53:14 IST" duration-ms="2543">
    <groups>
    </groups>
    <test started-at="2024-06-01T12:53:11 IST" name="TestNgMavenTest" finished-at="2024-06-01T12:53:14 IST" duration-ms="2543">
      <class name="com.javacodegeeks.testng.maven.TestNgMavenExample">
        <test-method is-config="true" signature="setup()[pri:0, instance:com.javacodegeeks.testng.maven.TestNgMavenExample@57cf54e1]" started-at="2024-06-01T12:53:11 IST" name="setup" finished-at="2024-06-01T12:53:12 IST" duration-ms="608" status="PASS">
          <reporter-output>
          </reporter-output>
        </test-method> <!-- setup -->
        <test-method signature="getFanCodeCityUsersWithMostTodosTasksCompleted()[pri:0, instance:com.javacodegeeks.testng.maven.TestNgMavenExample@57cf54e1]" started-at="2024-06-01T12:53:12 IST" name="getFanCodeCityUsersWithMostTodosTasksCompleted" finished-at="2024-06-01T12:53:14 IST" duration-ms="1891" status="PASS">
          <reporter-output>
          </reporter-output>
        </test-method> <!-- getFanCodeCityUsersWithMostTodosTasksCompleted -->
      </class> <!-- com.javacodegeeks.testng.maven.TestNgMavenExample -->
    </test> <!-- TestNgMavenTest -->
  </suite> <!-- TestNgMavenExampleSuite -->
</testng-results>
